<?xml version="1.0" encoding="UTF-8"?>
<!-- Generated by org.testng.reporters.JUnitReportReporter -->
<testsuite hostname="APL-927NS93" failures="0" tests="1" name="testCase.Testcase" time="20.653" errors="0" timestamp="2024-04-05T11:56:59 IST" skipped="0">
  <testcase classname="testCase.Testcase" name="f" time="20.653"/>
  <system-out/>
</testsuite> <!-- testCase.Testcase -->
